build/app/intermediates/manifest_merge_blame_file/debug/manifest-merger-blame-debug-report.txt
1<?xml version="1.0" encoding="utf-8"?>
2<manifest xmlns:android="http://schemas.android.com/apk/res/android"
3    package="example.up.sign.loyd.app.example.flutter.com.signupexample"
4    android:versionCode="1"
5    android:versionName="1.0.0" >
6
7    <uses-sdk
8        android:minSdkVersion="16"
9        android:targetSdkVersion="28" />
10    <!--
11         Flutter needs it to communicate with the running application
12         to allow setting breakpoints, to provide hot reload, etc.
13    -->
14    <uses-permission android:name="android.permission.INTERNET" />
14-->src\debug\AndroidManifest.xml:6:5-66
14-->src\debug\AndroidManifest.xml:6:22-64
15    <uses-permission android:name="android.permission.READ_EXTERNAL_STORAGE" />
15-->[:image_picker] AndroidManifest.xml:7:5-80
15-->[:image_picker] AndroidManifest.xml:7:22-77
16    <uses-permission android:name="android.permission.WRITE_EXTERNAL_STORAGE" />
16-->[:image_picker] AndroidManifest.xml:8:5-81
16-->[:image_picker] AndroidManifest.xml:8:22-78
17    <!--
18 io.flutter.app.FlutterApplication is an android.app.Application that
19         calls FlutterMain.startInitialization(this); in its onCreate method.
20         In most cases you can leave this as-is, but you if you want to provide
21         additional functionality it is fine to subclass or reimplement
22         FlutterApplication and put your custom class here.
23    -->
24    <application
24-->src\main\AndroidManifest.xml:8:5-33:19
25        android:name="io.flutter.app.FlutterApplication"
25-->src\main\AndroidManifest.xml:9:9-57
26        android:appComponentFactory="androidx.core.app.CoreComponentFactory"
26-->[androidx.core:core:1.1.0] AndroidManifest.xml:24:18-86
27        android:debuggable="true"
28        android:icon="@mipmap/ic_launcher"
28-->src\main\AndroidManifest.xml:11:9-43
29        android:label="signupexample" >
29-->src\main\AndroidManifest.xml:10:9-38
30        <activity
30-->src\main\AndroidManifest.xml:12:9-23:20
31            android:name="example.up.sign.loyd.app.example.flutter.com.signupexample.MainActivity"
31-->src\main\AndroidManifest.xml:13:13-41
32            android:configChanges="orientation|keyboardHidden|keyboard|screenSize|smallestScreenSize|locale|layoutDirection|fontScale|screenLayout|density|uiMode"
32-->src\main\AndroidManifest.xml:16:13-163
33            android:hardwareAccelerated="true"
33-->src\main\AndroidManifest.xml:17:13-47
34            android:launchMode="singleTop"
34-->src\main\AndroidManifest.xml:14:13-43
35            android:theme="@style/LaunchTheme"
35-->src\main\AndroidManifest.xml:15:13-47
36            android:windowSoftInputMode="adjustResize" >
36-->src\main\AndroidManifest.xml:18:13-55
37            <intent-filter>
37-->src\main\AndroidManifest.xml:19:13-22:29
38                <action android:name="android.intent.action.MAIN" />
38-->src\main\AndroidManifest.xml:20:17-68
38-->src\main\AndroidManifest.xml:20:25-66
39
40                <category android:name="android.intent.category.LAUNCHER" />
40-->src\main\AndroidManifest.xml:21:17-76
40-->src\main\AndroidManifest.xml:21:27-74
41            </intent-filter>
42        </activity>
43        <activity
43-->src\main\AndroidManifest.xml:24:9-27:71
44            android:name="com.yalantis.ucrop.UCropActivity"
44-->src\main\AndroidManifest.xml:25:13-60
45            android:screenOrientation="portrait"
45-->src\main\AndroidManifest.xml:26:13-49
46            android:theme="@style/Theme.AppCompat.Light.NoActionBar" />
46-->src\main\AndroidManifest.xml:27:13-69
47        <!--
48             Don't delete the meta-data below.
49             This is used by the Flutter tool to generate GeneratedPluginRegistrant.java
50        -->
51        <meta-data
51-->src\main\AndroidManifest.xml:30:9-32:33
52            android:name="flutterEmbedding"
52-->src\main\AndroidManifest.xml:31:13-44
53            android:value="2" />
53-->src\main\AndroidManifest.xml:32:13-30
54
55        <provider
55-->[:image_picker] AndroidManifest.xml:11:9-19:20
56            android:name="io.flutter.plugins.imagepicker.ImagePickerFileProvider"
56-->[:image_picker] AndroidManifest.xml:12:13-82
57            android:authorities="example.up.sign.loyd.app.example.flutter.com.signupexample.flutter.image_provider"
57-->[:image_picker] AndroidManifest.xml:13:13-74
58            android:exported="false"
58-->[:image_picker] AndroidManifest.xml:14:13-37
59            android:grantUriPermissions="true" >
59-->[:image_picker] AndroidManifest.xml:15:13-47
60            <meta-data
60-->[:image_picker] AndroidManifest.xml:16:13-18:75
61                android:name="android.support.FILE_PROVIDER_PATHS"
61-->[:image_picker] AndroidManifest.xml:17:17-67
62                android:resource="@xml/flutter_image_picker_file_paths" />
62-->[:image_picker] AndroidManifest.xml:18:17-72
63        </provider>
64    </application>
65
66</manifest>